Connecting to database specified by database.yml


Started GET "/assets/rails.png" for 127.0.0.1 at 2013-08-19 19:27:59 -0400
Served asset /rails.png - 200 OK (4ms)
Connecting to database specified by database.yml
Connecting to database specified by database.yml
Connecting to database specified by database.yml
  [1m[36m (0.2ms)[0m  [1mselect sqlite_version(*)[0m
  [1m[35m (2.8ms)[0m  CREATE TABLE "schema_migrations" ("version" varchar(255) NOT NULL) 
  [1m[36m (1.8ms)[0m  [1mCREATE UNIQUE INDEX "unique_schema_migrations" ON "schema_migrations" ("version")[0m
  [1m[35m (0.1ms)[0m  SELECT "schema_migrations"."version" FROM "schema_migrations" 
Migrating to CreateTruck (20130819234132)
  [1m[36m (0.0ms)[0m  [1mbegin transaction[0m
  [1m[35m (0.0ms)[0m  rollback transaction
Connecting to database specified by database.yml
  [1m[36m (0.1ms)[0m  [1mSELECT "schema_migrations"."version" FROM "schema_migrations" [0m
Migrating to CreateTruck (20130819234132)
  [1m[35m (0.0ms)[0m  select sqlite_version(*)
  [1m[36m (0.0ms)[0m  [1mbegin transaction[0m
  [1m[35m (0.5ms)[0m  CREATE TABLE "trucks" ("id" INTEGER PRIMARY KEY AUTOINCREMENT NOT NULL, "truck_id" integer, "applicant" varchar(255), "facility_type" varchar(255), "cnn" integer, "location_description" varchar(255), "address" varchar(255), "block_lot" varchar(255), "block" varchar(255), "lot" varchar(255), "permit" varchar(255), "status" varchar(255), "food_items" varchar(255), "x" decimal, "y" decimal, "latitude" decimal, "longitude" decimal, "noi_sent" varchar(255), "approved" varchar(255), "received" datetime, "prior_permit" integer, "expiration_date" datetime, "location_string" varchar(255)) 
  [1m[36m (0.1ms)[0m  [1mINSERT INTO "schema_migrations" ("version") VALUES ('20130819234132')[0m
  [1m[35m (6.7ms)[0m  commit transaction
  [1m[36m (0.2ms)[0m  [1mSELECT "schema_migrations"."version" FROM "schema_migrations" [0m
Connecting to database specified by database.yml
Connecting to database specified by database.yml
  [1m[36m (0.1ms)[0m  [1mSELECT "schema_migrations"."version" FROM "schema_migrations" [0m
  [1m[35m (0.1ms)[0m  SELECT "schema_migrations"."version" FROM "schema_migrations" 
Migrating to CreateTruck (20130819234132)
  [1m[36m (0.0ms)[0m  [1mselect sqlite_version(*)[0m
  [1m[35m (0.0ms)[0m  begin transaction
  [1m[36m (0.3ms)[0m  [1mDROP TABLE "trucks"[0m
  [1m[35m (0.1ms)[0m  DELETE FROM "schema_migrations" WHERE "schema_migrations"."version" = '20130819234132'
  [1m[36m (6.0ms)[0m  [1mcommit transaction[0m
  [1m[35m (0.1ms)[0m  SELECT "schema_migrations"."version" FROM "schema_migrations" 
Connecting to database specified by database.yml
  [1m[36m (0.1ms)[0m  [1mSELECT "schema_migrations"."version" FROM "schema_migrations" [0m
Migrating to CreateTruck (20130819234132)
  [1m[35m (0.0ms)[0m  select sqlite_version(*)
  [1m[36m (0.0ms)[0m  [1mbegin transaction[0m
  [1m[35m (0.0ms)[0m  rollback transaction
Connecting to database specified by database.yml
  [1m[36m (0.1ms)[0m  [1mSELECT "schema_migrations"."version" FROM "schema_migrations" [0m
Migrating to CreateTrucks (20130819234132)
  [1m[35m (0.0ms)[0m  select sqlite_version(*)
  [1m[36m (0.0ms)[0m  [1mbegin transaction[0m
  [1m[35m (0.5ms)[0m  CREATE TABLE "trucks" ("id" INTEGER PRIMARY KEY AUTOINCREMENT NOT NULL, "truck_id" integer, "applicant" varchar(255), "facility_type" varchar(255), "cnn" integer, "location_description" varchar(255), "address" varchar(255), "block_lot" varchar(255), "block" varchar(255), "lot" varchar(255), "permit" varchar(255), "status" varchar(255), "food_items" varchar(255), "x" decimal, "y" decimal, "latitude" decimal, "longitude" decimal, "noi_sent" varchar(255), "approved" varchar(255), "received" datetime, "prior_permit" integer, "expiration_date" datetime, "location_string" varchar(255)) 
  [1m[36m (0.1ms)[0m  [1mINSERT INTO "schema_migrations" ("version") VALUES ('20130819234132')[0m
  [1m[35m (5.8ms)[0m  commit transaction
  [1m[36m (0.1ms)[0m  [1mSELECT "schema_migrations"."version" FROM "schema_migrations" [0m
Connecting to database specified by database.yml
Connecting to database specified by database.yml
